\BOOKMARK [0][-]{chapter*.3}{Abstract}{}% 1
\BOOKMARK [0][-]{section*.6}{List of Figures}{}% 2
\BOOKMARK [0][-]{chapter.1}{Introduction}{}% 3
\BOOKMARK [1][-]{section.1.1}{Problem statement}{chapter.1}% 4
\BOOKMARK [1][-]{section.1.2}{Research question}{chapter.1}% 5
\BOOKMARK [1][-]{section.1.3}{Research rationale and structure}{chapter.1}% 6
\BOOKMARK [0][-]{chapter.2}{Current state of knowledge}{}% 7
\BOOKMARK [0][-]{chapter.3}{The proposed approach}{}% 8
\BOOKMARK [1][-]{section.3.1}{Pre-processing}{chapter.3}% 9
\BOOKMARK [1][-]{section.3.2}{Feature identification}{chapter.3}% 10
\BOOKMARK [1][-]{section.3.3}{Sentiment detection}{chapter.3}% 11
\BOOKMARK [1][-]{section.3.4}{Data analysis}{chapter.3}% 12
\BOOKMARK [0][-]{chapter.4}{Methodology}{}% 13
\BOOKMARK [1][-]{section.4.1}{Dataset}{chapter.4}% 14
\BOOKMARK [1][-]{section.4.2}{Accommodation ontology}{chapter.4}% 15
\BOOKMARK [0][-]{chapter.5}{Evaluation}{}% 16
\BOOKMARK [1][-]{section.5.1}{Evaluation of VADER algorithm}{chapter.5}% 17
\BOOKMARK [1][-]{section.5.2}{Evaluation of feature identification}{chapter.5}% 18
\BOOKMARK [0][-]{chapter.6}{Results}{}% 19
\BOOKMARK [0][-]{chapter.7}{Discussion}{}% 20
\BOOKMARK [1][-]{section.7.1}{Limitations}{chapter.7}% 21
\BOOKMARK [1][-]{section.7.2}{Implications}{chapter.7}% 22
\BOOKMARK [1][-]{section.7.3}{Future work}{chapter.7}% 23
\BOOKMARK [0][-]{chapter.8}{Conclusions}{}% 24
\BOOKMARK [0][-]{appendix*.38}{Appendix A}{}% 25
